<?xml version="1.0" encoding="UTF-8"?>
<testsuite xmlns:xsi="http://www.w3.org/2001/XMLSchema-instance" xsi:noNamespaceSchemaLocation="https://maven.apache.org/surefire/maven-surefire-plugin/xsd/surefire-test-report-3.0.xsd" version="3.0" name="org.example.ClientTest" time="0.509" tests="1" errors="1" skipped="0" failures="0">
  <properties>
    <property name="gopherProxySet" value="false"/>
    <property name="awt.toolkit" value="sun.lwawt.macosx.LWCToolkit"/>
    <property name="socksProxyHost" value="127.0.0.1"/>
    <property name="http.proxyHost" value="127.0.0.1"/>
    <property name="java.specification.version" value="1.8"/>
    <property name="file.encoding.pkg" value="sun.io"/>
    <property name="sun.cpu.isalist" value=""/>
    <property name="sun.jnu.encoding" value="UTF-8"/>
    <property name="java.class.path" value="/Users/xyz/Desktop/work/FabricProjects/fabric/scripts/fabric-samples/fabcar/java/target/test-classes:/Users/xyz/Desktop/work/FabricProjects/fabric/scripts/fabric-samples/fabcar/java/target/classes:/Users/xyz/.m2/repository/org/hyperledger/fabric/fabric-gateway-java/2.1.1/fabric-gateway-java-2.1.1.jar:/Users/xyz/.m2/repository/org/hyperledger/fabric-sdk-java/fabric-sdk-java/2.1.1/fabric-sdk-java-2.1.1.jar:/Users/xyz/.m2/repository/io/grpc/grpc-netty/1.23.0/grpc-netty-1.23.0.jar:/Users/xyz/.m2/repository/io/grpc/grpc-core/1.23.0/grpc-core-1.23.0.jar:/Users/xyz/.m2/repository/com/google/android/annotations/4.1.1.4/annotations-4.1.1.4.jar:/Users/xyz/.m2/repository/io/perfmark/perfmark-api/0.17.0/perfmark-api-0.17.0.jar:/Users/xyz/.m2/repository/io/opencensus/opencensus-api/0.21.0/opencensus-api-0.21.0.jar:/Users/xyz/.m2/repository/io/opencensus/opencensus-contrib-grpc-metrics/0.21.0/opencensus-contrib-grpc-metrics-0.21.0.jar:/Users/xyz/.m2/repository/io/netty/netty-codec-http2/4.1.38.Final/netty-codec-http2-4.1.38.Final.jar:/Users/xyz/.m2/repository/io/netty/netty-common/4.1.38.Final/netty-common-4.1.38.Final.jar:/Users/xyz/.m2/repository/io/netty/netty-buffer/4.1.38.Final/netty-buffer-4.1.38.Final.jar:/Users/xyz/.m2/repository/io/netty/netty-transport/4.1.38.Final/netty-transport-4.1.38.Final.jar:/Users/xyz/.m2/repository/io/netty/netty-resolver/4.1.38.Final/netty-resolver-4.1.38.Final.jar:/Users/xyz/.m2/repository/io/netty/netty-codec/4.1.38.Final/netty-codec-4.1.38.Final.jar:/Users/xyz/.m2/repository/io/netty/netty-handler/4.1.38.Final/netty-handler-4.1.38.Final.jar:/Users/xyz/.m2/repository/io/netty/netty-codec-http/4.1.38.Final/netty-codec-http-4.1.38.Final.jar:/Users/xyz/.m2/repository/io/netty/netty-handler-proxy/4.1.38.Final/netty-handler-proxy-4.1.38.Final.jar:/Users/xyz/.m2/repository/io/netty/netty-codec-socks/4.1.38.Final/netty-codec-socks-4.1.38.Final.jar:/Users/xyz/.m2/repository/io/grpc/grpc-protobuf/1.23.0/grpc-protobuf-1.23.0.jar:/Users/xyz/.m2/repository/io/grpc/grpc-api/1.23.0/grpc-api-1.23.0.jar:/Users/xyz/.m2/repository/io/grpc/grpc-context/1.23.0/grpc-context-1.23.0.jar:/Users/xyz/.m2/repository/org/codehaus/mojo/animal-sniffer-annotations/1.17/animal-sniffer-annotations-1.17.jar:/Users/xyz/.m2/repository/com/google/guava/guava/26.0-android/guava-26.0-android.jar:/Users/xyz/.m2/repository/org/checkerframework/checker-compat-qual/2.5.2/checker-compat-qual-2.5.2.jar:/Users/xyz/.m2/repository/com/google/j2objc/j2objc-annotations/1.1/j2objc-annotations-1.1.jar:/Users/xyz/.m2/repository/com/google/api/grpc/proto-google-common-protos/1.12.0/proto-google-common-protos-1.12.0.jar:/Users/xyz/.m2/repository/io/grpc/grpc-protobuf-lite/1.23.0/grpc-protobuf-lite-1.23.0.jar:/Users/xyz/.m2/repository/io/grpc/grpc-stub/1.23.0/grpc-stub-1.23.0.jar:/Users/xyz/.m2/repository/io/netty/netty-tcnative-boringssl-static/2.0.30.Final/netty-tcnative-boringssl-static-2.0.30.Final.jar:/Users/xyz/.m2/repository/com/google/protobuf/protobuf-java/3.10.0/protobuf-java-3.10.0.jar:/Users/xyz/.m2/repository/com/google/protobuf/protobuf-java-util/3.10.0/protobuf-java-util-3.10.0.jar:/Users/xyz/.m2/repository/com/google/errorprone/error_prone_annotations/2.3.2/error_prone_annotations-2.3.2.jar:/Users/xyz/.m2/repository/org/bouncycastle/bcpkix-jdk15on/1.62/bcpkix-jdk15on-1.62.jar:/Users/xyz/.m2/repository/org/bouncycastle/bcprov-jdk15on/1.62/bcprov-jdk15on-1.62.jar:/Users/xyz/.m2/repository/commons-logging/commons-logging/1.2/commons-logging-1.2.jar:/Users/xyz/.m2/repository/commons-cli/commons-cli/1.4/commons-cli-1.4.jar:/Users/xyz/.m2/repository/org/apache/commons/commons-compress/1.20/commons-compress-1.20.jar:/Users/xyz/.m2/repository/commons-io/commons-io/2.6/commons-io-2.6.jar:/Users/xyz/.m2/repository/log4j/log4j/1.2.17/log4j-1.2.17.jar:/Users/xyz/.m2/repository/log4j/apache-log4j-extras/1.2.17/apache-log4j-extras-1.2.17.jar:/Users/xyz/.m2/repository/org/apache/httpcomponents/httpclient/4.5.12/httpclient-4.5.12.jar:/Users/xyz/.m2/repository/org/apache/httpcomponents/httpcore/4.4.13/httpcore-4.4.13.jar:/Users/xyz/.m2/repository/com/spotify/futures-extra/4.2.0/futures-extra-4.2.0.jar:/Users/xyz/.m2/repository/com/google/api/api-common/1.9.0/api-common-1.9.0.jar:/Users/xyz/.m2/repository/com/google/code/findbugs/jsr305/3.0.2/jsr305-3.0.2.jar:/Users/xyz/.m2/repository/com/google/auto/value/auto-value-annotations/1.7/auto-value-annotations-1.7.jar:/Users/xyz/.m2/repository/org/glassfish/javax.json/1.1.4/javax.json-1.1.4.jar:/Users/xyz/.m2/repository/org/yaml/snakeyaml/1.26/snakeyaml-1.26.jar:/Users/xyz/.m2/repository/org/miracl/milagro/amcl/milagro-crypto-java/0.4.0/milagro-crypto-java-0.4.0.jar:/Users/xyz/.m2/repository/org/apache/commons/commons-math3/3.6.1/commons-math3-3.6.1.jar:/Users/xyz/.m2/repository/javax/xml/bind/jaxb-api/2.3.1/jaxb-api-2.3.1.jar:/Users/xyz/.m2/repository/javax/activation/javax.activation-api/1.2.0/javax.activation-api-1.2.0.jar:/Users/xyz/.m2/repository/javax/annotation/javax.annotation-api/1.3.2/javax.annotation-api-1.3.2.jar:/Users/xyz/.m2/repository/com/cloudant/cloudant-client/2.19.0/cloudant-client-2.19.0.jar:/Users/xyz/.m2/repository/com/google/code/gson/gson/2.8.2/gson-2.8.2.jar:/Users/xyz/.m2/repository/commons-codec/commons-codec/1.6/commons-codec-1.6.jar:/Users/xyz/.m2/repository/com/cloudant/cloudant-http/2.19.0/cloudant-http-2.19.0.jar:/Users/xyz/.m2/repository/org/junit/platform/junit-platform-launcher/1.4.2/junit-platform-launcher-1.4.2.jar:/Users/xyz/.m2/repository/org/apiguardian/apiguardian-api/1.0.0/apiguardian-api-1.0.0.jar:/Users/xyz/.m2/repository/org/junit/platform/junit-platform-engine/1.4.2/junit-platform-engine-1.4.2.jar:/Users/xyz/.m2/repository/org/opentest4j/opentest4j/1.1.1/opentest4j-1.1.1.jar:/Users/xyz/.m2/repository/org/junit/platform/junit-platform-commons/1.4.2/junit-platform-commons-1.4.2.jar:/Users/xyz/.m2/repository/org/junit/jupiter/junit-jupiter-engine/5.4.1/junit-jupiter-engine-5.4.1.jar:/Users/xyz/.m2/repository/org/junit/jupiter/junit-jupiter-api/5.4.1/junit-jupiter-api-5.4.1.jar:/Users/xyz/.m2/repository/org/junit/vintage/junit-vintage-engine/5.4.2/junit-vintage-engine-5.4.2.jar:/Users/xyz/.m2/repository/junit/junit/4.12/junit-4.12.jar:/Users/xyz/.m2/repository/org/hamcrest/hamcrest-core/1.3/hamcrest-core-1.3.jar:/Users/xyz/.m2/repository/org/assertj/assertj-core/3.12.2/assertj-core-3.12.2.jar:"/>
    <property name="https.proxyPort" value="7890"/>
    <property name="java.vm.vendor" value="Azul Systems, Inc."/>
    <property name="sun.arch.data.model" value="64"/>
    <property name="java.vendor.url" value="http://www.azul.com/"/>
    <property name="user.timezone" value="Asia/Shanghai"/>
    <property name="java.vm.specification.version" value="1.8"/>
    <property name="os.name" value="Mac OS X"/>
    <property name="user.country" value="CN"/>
    <property name="sun.java.launcher" value="SUN_STANDARD"/>
    <property name="sun.boot.library.path" value="/Library/Java/JavaVirtualMachines/zulu-8.jdk/Contents/Home/jre/lib"/>
    <property name="sun.java.command" value="/Users/xyz/Desktop/work/FabricProjects/fabric/scripts/fabric-samples/fabcar/java/target/surefire/surefirebooter-20230417142157098_3.jar /Users/xyz/Desktop/work/FabricProjects/fabric/scripts/fabric-samples/fabcar/java/target/surefire 2023-04-17T14-21-56_869-jvmRun1 surefire-20230417142157098_1tmp surefire_0-20230417142157098_2tmp"/>
    <property name="http.nonProxyHosts" value="192.168.0.0/16|*.192.168.0.0/16|10.0.0.0/8|*.10.0.0.0/8|172.16.0.0/12|*.172.16.0.0/12|127.0.0.1|localhost|*.localhost|local|*.local|timestamp.apple.com|*.timestamp.apple.com|sequoia.apple.com|*.sequoia.apple.com|seed-sequoia.siri.apple.com|*.seed-sequoia.siri.apple.com"/>
    <property name="surefire.test.class.path" value="/Users/xyz/Desktop/work/FabricProjects/fabric/scripts/fabric-samples/fabcar/java/target/test-classes:/Users/xyz/Desktop/work/FabricProjects/fabric/scripts/fabric-samples/fabcar/java/target/classes:/Users/xyz/.m2/repository/org/hyperledger/fabric/fabric-gateway-java/2.1.1/fabric-gateway-java-2.1.1.jar:/Users/xyz/.m2/repository/org/hyperledger/fabric-sdk-java/fabric-sdk-java/2.1.1/fabric-sdk-java-2.1.1.jar:/Users/xyz/.m2/repository/io/grpc/grpc-netty/1.23.0/grpc-netty-1.23.0.jar:/Users/xyz/.m2/repository/io/grpc/grpc-core/1.23.0/grpc-core-1.23.0.jar:/Users/xyz/.m2/repository/com/google/android/annotations/4.1.1.4/annotations-4.1.1.4.jar:/Users/xyz/.m2/repository/io/perfmark/perfmark-api/0.17.0/perfmark-api-0.17.0.jar:/Users/xyz/.m2/repository/io/opencensus/opencensus-api/0.21.0/opencensus-api-0.21.0.jar:/Users/xyz/.m2/repository/io/opencensus/opencensus-contrib-grpc-metrics/0.21.0/opencensus-contrib-grpc-metrics-0.21.0.jar:/Users/xyz/.m2/repository/io/netty/netty-codec-http2/4.1.38.Final/netty-codec-http2-4.1.38.Final.jar:/Users/xyz/.m2/repository/io/netty/netty-common/4.1.38.Final/netty-common-4.1.38.Final.jar:/Users/xyz/.m2/repository/io/netty/netty-buffer/4.1.38.Final/netty-buffer-4.1.38.Final.jar:/Users/xyz/.m2/repository/io/netty/netty-transport/4.1.38.Final/netty-transport-4.1.38.Final.jar:/Users/xyz/.m2/repository/io/netty/netty-resolver/4.1.38.Final/netty-resolver-4.1.38.Final.jar:/Users/xyz/.m2/repository/io/netty/netty-codec/4.1.38.Final/netty-codec-4.1.38.Final.jar:/Users/xyz/.m2/repository/io/netty/netty-handler/4.1.38.Final/netty-handler-4.1.38.Final.jar:/Users/xyz/.m2/repository/io/netty/netty-codec-http/4.1.38.Final/netty-codec-http-4.1.38.Final.jar:/Users/xyz/.m2/repository/io/netty/netty-handler-proxy/4.1.38.Final/netty-handler-proxy-4.1.38.Final.jar:/Users/xyz/.m2/repository/io/netty/netty-codec-socks/4.1.38.Final/netty-codec-socks-4.1.38.Final.jar:/Users/xyz/.m2/repository/io/grpc/grpc-protobuf/1.23.0/grpc-protobuf-1.23.0.jar:/Users/xyz/.m2/repository/io/grpc/grpc-api/1.23.0/grpc-api-1.23.0.jar:/Users/xyz/.m2/repository/io/grpc/grpc-context/1.23.0/grpc-context-1.23.0.jar:/Users/xyz/.m2/repository/org/codehaus/mojo/animal-sniffer-annotations/1.17/animal-sniffer-annotations-1.17.jar:/Users/xyz/.m2/repository/com/google/guava/guava/26.0-android/guava-26.0-android.jar:/Users/xyz/.m2/repository/org/checkerframework/checker-compat-qual/2.5.2/checker-compat-qual-2.5.2.jar:/Users/xyz/.m2/repository/com/google/j2objc/j2objc-annotations/1.1/j2objc-annotations-1.1.jar:/Users/xyz/.m2/repository/com/google/api/grpc/proto-google-common-protos/1.12.0/proto-google-common-protos-1.12.0.jar:/Users/xyz/.m2/repository/io/grpc/grpc-protobuf-lite/1.23.0/grpc-protobuf-lite-1.23.0.jar:/Users/xyz/.m2/repository/io/grpc/grpc-stub/1.23.0/grpc-stub-1.23.0.jar:/Users/xyz/.m2/repository/io/netty/netty-tcnative-boringssl-static/2.0.30.Final/netty-tcnative-boringssl-static-2.0.30.Final.jar:/Users/xyz/.m2/repository/com/google/protobuf/protobuf-java/3.10.0/protobuf-java-3.10.0.jar:/Users/xyz/.m2/repository/com/google/protobuf/protobuf-java-util/3.10.0/protobuf-java-util-3.10.0.jar:/Users/xyz/.m2/repository/com/google/errorprone/error_prone_annotations/2.3.2/error_prone_annotations-2.3.2.jar:/Users/xyz/.m2/repository/org/bouncycastle/bcpkix-jdk15on/1.62/bcpkix-jdk15on-1.62.jar:/Users/xyz/.m2/repository/org/bouncycastle/bcprov-jdk15on/1.62/bcprov-jdk15on-1.62.jar:/Users/xyz/.m2/repository/commons-logging/commons-logging/1.2/commons-logging-1.2.jar:/Users/xyz/.m2/repository/commons-cli/commons-cli/1.4/commons-cli-1.4.jar:/Users/xyz/.m2/repository/org/apache/commons/commons-compress/1.20/commons-compress-1.20.jar:/Users/xyz/.m2/repository/commons-io/commons-io/2.6/commons-io-2.6.jar:/Users/xyz/.m2/repository/log4j/log4j/1.2.17/log4j-1.2.17.jar:/Users/xyz/.m2/repository/log4j/apache-log4j-extras/1.2.17/apache-log4j-extras-1.2.17.jar:/Users/xyz/.m2/repository/org/apache/httpcomponents/httpclient/4.5.12/httpclient-4.5.12.jar:/Users/xyz/.m2/repository/org/apache/httpcomponents/httpcore/4.4.13/httpcore-4.4.13.jar:/Users/xyz/.m2/repository/com/spotify/futures-extra/4.2.0/futures-extra-4.2.0.jar:/Users/xyz/.m2/repository/com/google/api/api-common/1.9.0/api-common-1.9.0.jar:/Users/xyz/.m2/repository/com/google/code/findbugs/jsr305/3.0.2/jsr305-3.0.2.jar:/Users/xyz/.m2/repository/com/google/auto/value/auto-value-annotations/1.7/auto-value-annotations-1.7.jar:/Users/xyz/.m2/repository/org/glassfish/javax.json/1.1.4/javax.json-1.1.4.jar:/Users/xyz/.m2/repository/org/yaml/snakeyaml/1.26/snakeyaml-1.26.jar:/Users/xyz/.m2/repository/org/miracl/milagro/amcl/milagro-crypto-java/0.4.0/milagro-crypto-java-0.4.0.jar:/Users/xyz/.m2/repository/org/apache/commons/commons-math3/3.6.1/commons-math3-3.6.1.jar:/Users/xyz/.m2/repository/javax/xml/bind/jaxb-api/2.3.1/jaxb-api-2.3.1.jar:/Users/xyz/.m2/repository/javax/activation/javax.activation-api/1.2.0/javax.activation-api-1.2.0.jar:/Users/xyz/.m2/repository/javax/annotation/javax.annotation-api/1.3.2/javax.annotation-api-1.3.2.jar:/Users/xyz/.m2/repository/com/cloudant/cloudant-client/2.19.0/cloudant-client-2.19.0.jar:/Users/xyz/.m2/repository/com/google/code/gson/gson/2.8.2/gson-2.8.2.jar:/Users/xyz/.m2/repository/commons-codec/commons-codec/1.6/commons-codec-1.6.jar:/Users/xyz/.m2/repository/com/cloudant/cloudant-http/2.19.0/cloudant-http-2.19.0.jar:/Users/xyz/.m2/repository/org/junit/platform/junit-platform-launcher/1.4.2/junit-platform-launcher-1.4.2.jar:/Users/xyz/.m2/repository/org/apiguardian/apiguardian-api/1.0.0/apiguardian-api-1.0.0.jar:/Users/xyz/.m2/repository/org/junit/platform/junit-platform-engine/1.4.2/junit-platform-engine-1.4.2.jar:/Users/xyz/.m2/repository/org/opentest4j/opentest4j/1.1.1/opentest4j-1.1.1.jar:/Users/xyz/.m2/repository/org/junit/platform/junit-platform-commons/1.4.2/junit-platform-commons-1.4.2.jar:/Users/xyz/.m2/repository/org/junit/jupiter/junit-jupiter-engine/5.4.1/junit-jupiter-engine-5.4.1.jar:/Users/xyz/.m2/repository/org/junit/jupiter/junit-jupiter-api/5.4.1/junit-jupiter-api-5.4.1.jar:/Users/xyz/.m2/repository/org/junit/vintage/junit-vintage-engine/5.4.2/junit-vintage-engine-5.4.2.jar:/Users/xyz/.m2/repository/junit/junit/4.12/junit-4.12.jar:/Users/xyz/.m2/repository/org/hamcrest/hamcrest-core/1.3/hamcrest-core-1.3.jar:/Users/xyz/.m2/repository/org/assertj/assertj-core/3.12.2/assertj-core-3.12.2.jar:"/>
    <property name="sun.cpu.endian" value="little"/>
    <property name="user.home" value="/Users/xyz"/>
    <property name="user.language" value="zh"/>
    <property name="java.specification.vendor" value="Oracle Corporation"/>
    <property name="java.home" value="/Library/Java/JavaVirtualMachines/zulu-8.jdk/Contents/Home/jre"/>
    <property name="org.hyperledger.fabric.sdk.service_discovery.as_localhost" value="true"/>
    <property name="basedir" value="/Users/xyz/Desktop/work/FabricProjects/fabric/scripts/fabric-samples/fabcar/java"/>
    <property name="https.proxyHost" value="127.0.0.1"/>
    <property name="file.separator" value="/"/>
    <property name="line.separator" value="&#10;"/>
    <property name="jdk.vendor.version" value="Zulu 8.64.0.19-CA-macos-aarch64"/>
    <property name="java.vm.specification.vendor" value="Oracle Corporation"/>
    <property name="java.specification.name" value="Java Platform API Specification"/>
    <property name="java.awt.graphicsenv" value="sun.awt.CGraphicsEnvironment"/>
    <property name="surefire.real.class.path" value="/Users/xyz/Desktop/work/FabricProjects/fabric/scripts/fabric-samples/fabcar/java/target/surefire/surefirebooter-20230417142157098_3.jar"/>
    <property name="sun.boot.class.path" value="/Library/Java/JavaVirtualMachines/zulu-8.jdk/Contents/Home/jre/lib/resources.jar:/Library/Java/JavaVirtualMachines/zulu-8.jdk/Contents/Home/jre/lib/rt.jar:/Library/Java/JavaVirtualMachines/zulu-8.jdk/Contents/Home/jre/lib/sunrsasign.jar:/Library/Java/JavaVirtualMachines/zulu-8.jdk/Contents/Home/jre/lib/jsse.jar:/Library/Java/JavaVirtualMachines/zulu-8.jdk/Contents/Home/jre/lib/jce.jar:/Library/Java/JavaVirtualMachines/zulu-8.jdk/Contents/Home/jre/lib/charsets.jar:/Library/Java/JavaVirtualMachines/zulu-8.jdk/Contents/Home/jre/lib/jfr.jar:/Library/Java/JavaVirtualMachines/zulu-8.jdk/Contents/Home/jre/lib/cat.jar:/Library/Java/JavaVirtualMachines/zulu-8.jdk/Contents/Home/jre/classes"/>
    <property name="sun.management.compiler" value="HotSpot 64-Bit Tiered Compilers"/>
    <property name="ftp.nonProxyHosts" value="192.168.0.0/16|*.192.168.0.0/16|10.0.0.0/8|*.10.0.0.0/8|172.16.0.0/12|*.172.16.0.0/12|127.0.0.1|localhost|*.localhost|local|*.local|timestamp.apple.com|*.timestamp.apple.com|sequoia.apple.com|*.sequoia.apple.com|seed-sequoia.siri.apple.com|*.seed-sequoia.siri.apple.com"/>
    <property name="java.runtime.version" value="1.8.0_345-b01"/>
    <property name="user.name" value="xyz"/>
    <property name="path.separator" value=":"/>
    <property name="os.version" value="12.6"/>
    <property name="java.endorsed.dirs" value="/Library/Java/JavaVirtualMachines/zulu-8.jdk/Contents/Home/jre/lib/endorsed"/>
    <property name="java.runtime.name" value="OpenJDK Runtime Environment"/>
    <property name="file.encoding" value="UTF-8"/>
    <property name="java.vm.name" value="OpenJDK 64-Bit Server VM"/>
    <property name="localRepository" value="/Users/xyz/.m2/repository"/>
    <property name="java.vendor.url.bug" value="http://www.azul.com/support/"/>
    <property name="java.io.tmpdir" value="/var/folders/kf/54gczmhs6_d78r6t2qh53d880000gn/T/"/>
    <property name="java.version" value="1.8.0_345"/>
    <property name="user.dir" value="/Users/xyz/Desktop/work/FabricProjects/fabric/scripts/fabric-samples/fabcar/java"/>
    <property name="os.arch" value="aarch64"/>
    <property name="socksProxyPort" value="7890"/>
    <property name="java.vm.specification.name" value="Java Virtual Machine Specification"/>
    <property name="java.awt.printerjob" value="sun.lwawt.macosx.CPrinterJob"/>
    <property name="sun.os.patch.level" value="unknown"/>
    <property name="java.library.path" value="/Users/xyz/Library/Java/Extensions:/Library/Java/Extensions:/Network/Library/Java/Extensions:/System/Library/Java/Extensions:/usr/lib/java:."/>
    <property name="java.vm.info" value="mixed mode"/>
    <property name="java.vendor" value="Azul Systems, Inc."/>
    <property name="java.vm.version" value="25.345-b01"/>
    <property name="java.ext.dirs" value="/Users/xyz/Library/Java/Extensions:/Library/Java/JavaVirtualMachines/zulu-8.jdk/Contents/Home/jre/lib/ext:/Library/Java/Extensions:/Network/Library/Java/Extensions:/System/Library/Java/Extensions:/usr/lib/java"/>
    <property name="sun.io.unicode.encoding" value="UnicodeBig"/>
    <property name="java.class.version" value="52.0"/>
    <property name="socksNonProxyHosts" value="192.168.0.0/16|*.192.168.0.0/16|10.0.0.0/8|*.10.0.0.0/8|172.16.0.0/12|*.172.16.0.0/12|127.0.0.1|localhost|*.localhost|local|*.local|timestamp.apple.com|*.timestamp.apple.com|sequoia.apple.com|*.sequoia.apple.com|seed-sequoia.siri.apple.com|*.seed-sequoia.siri.apple.com"/>
    <property name="http.proxyPort" value="7890"/>
  </properties>
  <testcase name="testMyContract" classname="org.example.ClientTest" time="0.5">
    <error message="failed to load the required native library" type="java.lang.UnsatisfiedLinkError"><![CDATA[java.lang.UnsatisfiedLinkError: failed to load the required native library
	at io.netty.handler.ssl.OpenSsl.ensureAvailability(OpenSsl.java:471)
	at io.netty.handler.ssl.ReferenceCountedOpenSslContext.<init>(ReferenceCountedOpenSslContext.java:208)
	at io.netty.handler.ssl.ReferenceCountedOpenSslContext.<init>(ReferenceCountedOpenSslContext.java:197)
	at io.netty.handler.ssl.OpenSslContext.<init>(OpenSslContext.java:34)
	at io.netty.handler.ssl.OpenSslClientContext.<init>(OpenSslClientContext.java:189)
	at io.netty.handler.ssl.SslContext.newClientContextInternal(SslContext.java:824)
	at io.netty.handler.ssl.SslContextBuilder.build(SslContextBuilder.java:462)
	at org.hyperledger.fabric.sdk.Endpoint.<init>(Endpoint.java:262)
	at org.hyperledger.fabric.sdk.Endpoint.createEndpoint(Endpoint.java:487)
	at org.hyperledger.fabric.sdk.Peer.setTLSCertificateKeyPair(Peer.java:447)
	at org.hyperledger.fabric.sdk.Channel.addPeer(Channel.java:669)
	at org.hyperledger.fabric.gateway.impl.GatewayImpl.getNetwork(GatewayImpl.java:245)
	at org.example.ClientApp.main(ClientApp.java:34)
	at org.example.ClientTest.testMyContract(ClientTest.java:15)
	at sun.reflect.NativeMethodAccessorImpl.invoke0(Native Method)
	at sun.reflect.NativeMethodAccessorImpl.invoke(NativeMethodAccessorImpl.java:62)
	at sun.reflect.DelegatingMethodAccessorImpl.invoke(DelegatingMethodAccessorImpl.java:43)
	at java.lang.reflect.Method.invoke(Method.java:498)
	at org.junit.runners.model.FrameworkMethod$1.runReflectiveCall(FrameworkMethod.java:50)
	at org.junit.internal.runners.model.ReflectiveCallable.run(ReflectiveCallable.java:12)
	at org.junit.runners.model.FrameworkMethod.invokeExplosively(FrameworkMethod.java:47)
	at org.junit.internal.runners.statements.InvokeMethod.evaluate(InvokeMethod.java:17)
	at org.junit.runners.ParentRunner.runLeaf(ParentRunner.java:325)
	at org.junit.runners.BlockJUnit4ClassRunner.runChild(BlockJUnit4ClassRunner.java:78)
	at org.junit.runners.BlockJUnit4ClassRunner.runChild(BlockJUnit4ClassRunner.java:57)
	at org.junit.runners.ParentRunner$3.run(ParentRunner.java:290)
	at org.junit.runners.ParentRunner$1.schedule(ParentRunner.java:71)
	at org.junit.runners.ParentRunner.runChildren(ParentRunner.java:288)
	at org.junit.runners.ParentRunner.access$000(ParentRunner.java:58)
	at org.junit.runners.ParentRunner$2.evaluate(ParentRunner.java:268)
	at org.junit.runners.ParentRunner.run(ParentRunner.java:363)
	at org.junit.runner.JUnitCore.run(JUnitCore.java:137)
	at org.junit.runner.JUnitCore.run(JUnitCore.java:115)
	at org.junit.vintage.engine.execution.RunnerExecutor.execute(RunnerExecutor.java:40)
	at java.util.stream.ForEachOps$ForEachOp$OfRef.accept(ForEachOps.java:183)
	at java.util.stream.ReferencePipeline$3$1.accept(ReferencePipeline.java:193)
	at java.util.Iterator.forEachRemaining(Iterator.java:116)
	at java.util.Spliterators$IteratorSpliterator.forEachRemaining(Spliterators.java:1801)
	at java.util.stream.AbstractPipeline.copyInto(AbstractPipeline.java:482)
	at java.util.stream.AbstractPipeline.wrapAndCopyInto(AbstractPipeline.java:472)
	at java.util.stream.ForEachOps$ForEachOp.evaluateSequential(ForEachOps.java:150)
	at java.util.stream.ForEachOps$ForEachOp$OfRef.evaluateSequential(ForEachOps.java:173)
	at java.util.stream.AbstractPipeline.evaluate(AbstractPipeline.java:234)
	at java.util.stream.ReferencePipeline.forEach(ReferencePipeline.java:485)
	at org.junit.vintage.engine.VintageTestEngine.executeAllChildren(VintageTestEngine.java:80)
	at org.junit.vintage.engine.VintageTestEngine.execute(VintageTestEngine.java:71)
	at org.junit.platform.launcher.core.DefaultLauncher.execute(DefaultLauncher.java:229)
	at org.junit.platform.launcher.core.DefaultLauncher.lambda$execute$6(DefaultLauncher.java:197)
	at org.junit.platform.launcher.core.DefaultLauncher.withInterceptedStreams(DefaultLauncher.java:211)
	at org.junit.platform.launcher.core.DefaultLauncher.execute(DefaultLauncher.java:191)
	at org.junit.platform.launcher.core.DefaultLauncher.execute(DefaultLauncher.java:128)
	at org.apache.maven.surefire.junitplatform.LazyLauncher.execute(LazyLauncher.java:50)
	at org.apache.maven.surefire.junitplatform.JUnitPlatformProvider.execute(JUnitPlatformProvider.java:184)
	at org.apache.maven.surefire.junitplatform.JUnitPlatformProvider.invokeAllTests(JUnitPlatformProvider.java:148)
	at org.apache.maven.surefire.junitplatform.JUnitPlatformProvider.invoke(JUnitPlatformProvider.java:122)
	at org.apache.maven.surefire.booter.ForkedBooter.runSuitesInProcess(ForkedBooter.java:385)
	at org.apache.maven.surefire.booter.ForkedBooter.execute(ForkedBooter.java:162)
	at org.apache.maven.surefire.booter.ForkedBooter.run(ForkedBooter.java:507)
	at org.apache.maven.surefire.booter.ForkedBooter.main(ForkedBooter.java:495)
Caused by: java.lang.IllegalArgumentException: Failed to load any of the given libraries: [netty_tcnative_osx_aarch_64, netty_tcnative_aarch_64, netty_tcnative]
	at io.netty.util.internal.NativeLibraryLoader.loadFirstAvailable(NativeLibraryLoader.java:104)
	at io.netty.handler.ssl.OpenSsl.loadTcNative(OpenSsl.java:568)
	at io.netty.handler.ssl.OpenSsl.<clinit>(OpenSsl.java:133)
	at io.grpc.netty.GrpcSslContexts.configure(GrpcSslContexts.java:194)
	at org.hyperledger.fabric.sdk.Endpoint.getSslContextBuilder(Endpoint.java:294)
	at org.hyperledger.fabric.sdk.Endpoint.<init>(Endpoint.java:254)
	... 51 more
	Suppressed: java.lang.UnsatisfiedLinkError: could not load a native library: netty_tcnative_osx_aarch_64
		at io.netty.util.internal.NativeLibraryLoader.load(NativeLibraryLoader.java:224)
		at io.netty.util.internal.NativeLibraryLoader.loadFirstAvailable(NativeLibraryLoader.java:96)
		... 56 more
	Caused by: java.io.FileNotFoundException: META-INF/native/libnetty_tcnative_osx_aarch_64.jnilib
		at io.netty.util.internal.NativeLibraryLoader.load(NativeLibraryLoader.java:168)
		... 57 more
		Suppressed: java.lang.UnsatisfiedLinkError: no netty_tcnative_osx_aarch_64 in java.library.path
			at java.lang.ClassLoader.loadLibrary(ClassLoader.java:1875)
			at java.lang.Runtime.loadLibrary0(Runtime.java:872)
			at java.lang.System.loadLibrary(System.java:1124)
			at io.netty.util.internal.NativeLibraryUtil.loadLibrary(NativeLibraryUtil.java:38)
			at io.netty.util.internal.NativeLibraryLoader.loadLibrary(NativeLibraryLoader.java:349)
			at io.netty.util.internal.NativeLibraryLoader.load(NativeLibraryLoader.java:136)
			... 57 more
			Suppressed: java.lang.UnsatisfiedLinkError: no netty_tcnative_osx_aarch_64 in java.library.path
				at java.lang.ClassLoader.loadLibrary(ClassLoader.java:1875)
				at java.lang.Runtime.loadLibrary0(Runtime.java:872)
				at java.lang.System.loadLibrary(System.java:1124)
				at io.netty.util.internal.NativeLibraryUtil.loadLibrary(NativeLibraryUtil.java:38)
				at sun.reflect.NativeMethodAccessorImpl.invoke0(Native Method)
				at sun.reflect.NativeMethodAccessorImpl.invoke(NativeMethodAccessorImpl.java:62)
				at sun.reflect.DelegatingMethodAccessorImpl.invoke(DelegatingMethodAccessorImpl.java:43)
				at java.lang.reflect.Method.invoke(Method.java:498)
				at io.netty.util.internal.NativeLibraryLoader$1.run(NativeLibraryLoader.java:369)
				at java.security.AccessController.doPrivileged(Native Method)
				at io.netty.util.internal.NativeLibraryLoader.loadLibraryByHelper(NativeLibraryLoader.java:361)
				at io.netty.util.internal.NativeLibraryLoader.loadLibrary(NativeLibraryLoader.java:339)
				... 58 more
	Suppressed: java.lang.UnsatisfiedLinkError: could not load a native library: netty_tcnative_aarch_64
		at io.netty.util.internal.NativeLibraryLoader.load(NativeLibraryLoader.java:224)
		at io.netty.util.internal.NativeLibraryLoader.loadFirstAvailable(NativeLibraryLoader.java:96)
		... 56 more
	Caused by: java.io.FileNotFoundException: META-INF/native/libnetty_tcnative_aarch_64.jnilib
		at io.netty.util.internal.NativeLibraryLoader.load(NativeLibraryLoader.java:168)
		... 57 more
		Suppressed: java.lang.UnsatisfiedLinkError: no netty_tcnative_aarch_64 in java.library.path
			at java.lang.ClassLoader.loadLibrary(ClassLoader.java:1875)
			at java.lang.Runtime.loadLibrary0(Runtime.java:872)
			at java.lang.System.loadLibrary(System.java:1124)
			at io.netty.util.internal.NativeLibraryUtil.loadLibrary(NativeLibraryUtil.java:38)
			at io.netty.util.internal.NativeLibraryLoader.loadLibrary(NativeLibraryLoader.java:349)
			at io.netty.util.internal.NativeLibraryLoader.load(NativeLibraryLoader.java:136)
			... 57 more
			Suppressed: java.lang.UnsatisfiedLinkError: no netty_tcnative_aarch_64 in java.library.path
				at java.lang.ClassLoader.loadLibrary(ClassLoader.java:1875)
				at java.lang.Runtime.loadLibrary0(Runtime.java:872)
				at java.lang.System.loadLibrary(System.java:1124)
				at io.netty.util.internal.NativeLibraryUtil.loadLibrary(NativeLibraryUtil.java:38)
				at sun.reflect.NativeMethodAccessorImpl.invoke0(Native Method)
				at sun.reflect.NativeMethodAccessorImpl.invoke(NativeMethodAccessorImpl.java:62)
				at sun.reflect.DelegatingMethodAccessorImpl.invoke(DelegatingMethodAccessorImpl.java:43)
				at java.lang.reflect.Method.invoke(Method.java:498)
				at io.netty.util.internal.NativeLibraryLoader$1.run(NativeLibraryLoader.java:369)
				at java.security.AccessController.doPrivileged(Native Method)
				at io.netty.util.internal.NativeLibraryLoader.loadLibraryByHelper(NativeLibraryLoader.java:361)
				at io.netty.util.internal.NativeLibraryLoader.loadLibrary(NativeLibraryLoader.java:339)
				... 58 more
	Suppressed: java.lang.UnsatisfiedLinkError: could not load a native library: netty_tcnative
		at io.netty.util.internal.NativeLibraryLoader.load(NativeLibraryLoader.java:224)
		at io.netty.util.internal.NativeLibraryLoader.loadFirstAvailable(NativeLibraryLoader.java:96)
		... 56 more
	Caused by: java.io.FileNotFoundException: META-INF/native/libnetty_tcnative.jnilib
		at io.netty.util.internal.NativeLibraryLoader.load(NativeLibraryLoader.java:168)
		... 57 more
		Suppressed: java.lang.UnsatisfiedLinkError: no netty_tcnative in java.library.path
			at java.lang.ClassLoader.loadLibrary(ClassLoader.java:1875)
			at java.lang.Runtime.loadLibrary0(Runtime.java:872)
			at java.lang.System.loadLibrary(System.java:1124)
			at io.netty.util.internal.NativeLibraryUtil.loadLibrary(NativeLibraryUtil.java:38)
			at io.netty.util.internal.NativeLibraryLoader.loadLibrary(NativeLibraryLoader.java:349)
			at io.netty.util.internal.NativeLibraryLoader.load(NativeLibraryLoader.java:136)
			... 57 more
			Suppressed: java.lang.UnsatisfiedLinkError: no netty_tcnative in java.library.path
				at java.lang.ClassLoader.loadLibrary(ClassLoader.java:1875)
				at java.lang.Runtime.loadLibrary0(Runtime.java:872)
				at java.lang.System.loadLibrary(System.java:1124)
				at io.netty.util.internal.NativeLibraryUtil.loadLibrary(NativeLibraryUtil.java:38)
				at sun.reflect.NativeMethodAccessorImpl.invoke0(Native Method)
				at sun.reflect.NativeMethodAccessorImpl.invoke(NativeMethodAccessorImpl.java:62)
				at sun.reflect.DelegatingMethodAccessorImpl.invoke(DelegatingMethodAccessorImpl.java:43)
				at java.lang.reflect.Method.invoke(Method.java:498)
				at io.netty.util.internal.NativeLibraryLoader$1.run(NativeLibraryLoader.java:369)
				at java.security.AccessController.doPrivileged(Native Method)
				at io.netty.util.internal.NativeLibraryLoader.loadLibraryByHelper(NativeLibraryLoader.java:361)
				at io.netty.util.internal.NativeLibraryLoader.loadLibrary(NativeLibraryLoader.java:339)
				... 58 more
]]></error>
    <system-out><![CDATA[An identity for the admin user "admin" already exists in the wallet
An identity for the user "appUser" already exists in the wallet
]]></system-out>
    <system-err><![CDATA[log4j:WARN No appenders could be found for logger (org.hyperledger.fabric_ca.sdk.helper.Config).
log4j:WARN Please initialize the log4j system properly.
log4j:WARN See http://logging.apache.org/log4j/1.2/faq.html#noconfig for more info.
]]></system-err>
  </testcase>
</testsuite>