<?xml version="1.0" encoding="UTF-8"?>
<testsuite name="org.hyperledger.fabric.samples.fabcar.CarTest" tests="1" skipped="0" failures="0" errors="0" timestamp="2023-03-20T01:13:26" hostname="xdeMacBook-Air.mshome.net" time="0.061">
  <properties/>
  <testcase name="toStringIdentifiesCar()" classname="org.hyperledger.fabric.samples.fabcar.CarTest" time="0.061"/>
  <system-out><![CDATA[]]></system-out>
  <system-err><![CDATA[]]></system-err>
</testsuite>
