<?xml version="1.0" encoding="UTF-8"?>
<testsuite name="org.hyperledger.fabric.samples.fabcar.FabCarTest" tests="3" skipped="0" failures="0" errors="0" timestamp="2023-03-20T01:13:26" hostname="xdeMacBook-Air.mshome.net" time="0.563">
  <properties/>
  <testcase name="invokeQueryAllCarsTransaction()" classname="org.hyperledger.fabric.samples.fabcar.FabCarTest" time="0.546"/>
  <testcase name="invokeInitLedgerTransaction()" classname="org.hyperledger.fabric.samples.fabcar.FabCarTest" time="0.011"/>
  <testcase name="invokeUnknownTransaction()" classname="org.hyperledger.fabric.samples.fabcar.FabCarTest" time="0.006"/>
  <system-out><![CDATA[]]></system-out>
  <system-err><![CDATA[]]></system-err>
</testsuite>
