<?xml version="1.0" encoding="UTF-8"?>
<testsuite name="org.hyperledger.fabric.samples.fabcar.FabCarTest$ChangeCarOwnerTransaction" tests="2" skipped="0" failures="0" errors="0" timestamp="2023-03-20T01:13:27" hostname="xdeMacBook-Air.mshome.net" time="0.052">
  <properties/>
  <testcase name="whenCarExists()" classname="org.hyperledger.fabric.samples.fabcar.FabCarTest$ChangeCarOwnerTransaction" time="0.003"/>
  <testcase name="whenCarDoesNotExist()" classname="org.hyperledger.fabric.samples.fabcar.FabCarTest$ChangeCarOwnerTransaction" time="0.048"/>
  <system-out><![CDATA[Car CAR0 does not exist
]]></system-out>
  <system-err><![CDATA[]]></system-err>
</testsuite>
